<?xml version="1.0" encoding="UTF-8"?>
<!-- Generated by org.testng.reporters.JUnitReportReporter -->
<testsuite hostname="Rohans-Air.hitronhub.home" failures="0" tests="1" name="com.freeCRM.qa.testcases.ContactsPageTest" time="13.137" errors="0" timestamp="05 Feb 2018 23:56:14 GMT" skipped="0">
  <testcase classname="com.freeCRM.qa.testcases.ContactsPageTest" name="selectContactsTest" time="13.137"/>
</testsuite> <!-- com.freeCRM.qa.testcases.ContactsPageTest -->
