<?xml version="1.0" encoding="UTF-8"?>
<!-- Generated by org.testng.reporters.JUnitReportReporter -->
<testsuite hostname="Rohans-Air.hitronhub.home" failures="0" tests="3" name="com.freeCRM.qa.testcases.HomePageTest" time="21.098" errors="0" timestamp="05 Feb 2018 20:18:21 GMT" skipped="0">
  <testcase classname="com.freeCRM.qa.testcases.HomePageTest" name="verifyhomePageTitleTest" time="5.160"/>
  <testcase classname="com.freeCRM.qa.testcases.HomePageTest" name="verifyUserNameTest" time="5.723"/>
  <testcase classname="com.freeCRM.qa.testcases.HomePageTest" name="verifyContactsLinkTest" time="10.215"/>
</testsuite> <!-- com.freeCRM.qa.testcases.HomePageTest -->
